<?xml version="1.0" encoding="UTF-8"?>
<testsuite xmlns:xsi="http://www.w3.org/2001/XMLSchema-instance" xsi:noNamespaceSchemaLocation="https://maven.apache.org/surefire/maven-surefire-plugin/xsd/surefire-test-report-3.0.xsd" version="3.0" name="repository.VeloTest" time="0.627" tests="2" errors="2" skipped="0" failures="0">
  <properties>
[...]
</properties>
  <testcase name="saveVelo" classname="repository.VeloTest" time="0.301">
    <error type="java.lang.IllegalArgumentException"><![CDATA[java.lang.IllegalArgumentException: 
org.hibernate.QueryException: No data type for node: org.hibernate.hql.internal.ast.tree.IdentNode 
 \-[IDENT] IdentNode: 'v' {originalText=v}
 [select v from model.Velo s where v.numero = :id]
	at repository.VeloTest.saveVelo(VeloTest.java:42)
Caused by: org.hibernate.QueryException: 
No data type for node: org.hibernate.hql.internal.ast.tree.IdentNode 
 \-[IDENT] IdentNode: 'v' {originalText=v}
 [select v from model.Velo s where v.numero = :id]
	at repository.VeloTest.saveVelo(VeloTest.java:42)
Caused by: org.hibernate.QueryException: 
No data type for node: org.hibernate.hql.internal.ast.tree.IdentNode 
 \-[IDENT] IdentNode: 'v' {originalText=v}

	at repository.VeloTest.saveVelo(VeloTest.java:42)
]]></error>
    <system-out><![CDATA[Hibernate: drop table if exists Bornette CASCADE 
Hibernate: drop table if exists Client CASCADE 
Hibernate: drop table if exists Client_Location CASCADE 
Hibernate: drop table if exists ClientAbonne CASCADE 
Hibernate: drop table if exists ClientNonAbonne CASCADE 
Hibernate: drop table if exists HistoriqueVType CASCADE 
Hibernate: drop table if exists Location CASCADE 
Hibernate: drop table if exists Location_Trajet CASCADE 
Hibernate: drop table if exists Station CASCADE 
Hibernate: drop table if exists Station_Bornette CASCADE 
Hibernate: drop table if exists Station_HistoriqueVType CASCADE 
Hibernate: drop table if exists Trajet CASCADE 
Hibernate: drop table if exists Velo CASCADE 
Hibernate: drop table if exists Velo_Location CASCADE 
Hibernate: create table Bornette (numero bigint not null, etat varchar(255), station_id bigint, veloAccroche_numero bigint, primary key (numero))
Hibernate: create table Client (type varchar(31) not null, id bigint not null, codeSecret varchar(255), numeroCB varchar(255), primary key (id))
Hibernate: create table Client_Location (Client_id bigint not null, locations_id integer not null)
Hibernate: create table ClientAbonne (adresse varchar(255), dateNaissance varchar(255), dateSouscription varchar(255), nom varchar(255), prenom varchar(255), sexe integer, id bigint not null, primary key (id))
Hibernate: create table ClientNonAbonne (id bigint not null, primary key (id))
Hibernate: create table HistoriqueVType (id integer not null, dateHeureDebut timestamp, dateHeureFin timestamp, vType varchar(255), station_id bigint, primary key (id))
Hibernate: create table Location (id integer not null, montant float, locataire_id bigint, primary key (id))
Hibernate: create table Location_Trajet (Location_id integer not null, trajets_id integer not null)
Hibernate: create table Station (id bigint not null, adresse varchar(255), primary key (id))
Hibernate: create table Station_Bornette (Station_id bigint not null, bornettes_numero bigint not null)
Hibernate: create table Station_HistoriqueVType (Station_id bigint not null, historiques_id integer not null)
Hibernate: create table Trajet (id integer not null, dateheureDebut timestamp, duree integer not null, prime boolean, location_id integer, stationDebut_id bigint, stationFin_id bigint, velo_numero bigint, primary key (id))
Hibernate: create table Velo (numero bigint not null, etat varchar(255), misEnService timestamp, modele varchar(255), bornette_numero bigint, primary key (numero))
Hibernate: create table Velo_Location (Velo_numero bigint not null, locations_id integer not null)
Hibernate: alter table Client_Location add constraint UK_4jiuf949hhra55x7up9gwbfsc unique (locations_id)
Hibernate: alter table Location_Trajet add constraint UK_2qfxg5ysusq9eeexb2xlfuk8w unique (trajets_id)
Hibernate: alter table Station_Bornette add constraint UK_1kw97k75qkpnimlgn5f9cq24m unique (bornettes_numero)
Hibernate: alter table Station_HistoriqueVType add constraint UK_gnki6plm67xebfdbvxxvhyfst unique (historiques_id)
Hibernate: alter table Bornette add constraint FKaarjkb6vauam3pv9l9lec12ra foreign key (station_id) references Station
Hibernate: alter table Bornette add constraint FKnvggs4fmg75dg94st1v8afafj foreign key (veloAccroche_numero) references Velo
Hibernate: alter table Client_Location add constraint FK1v7vx60g3hnud206wjb237vkh foreign key (locations_id) references Location
Hibernate: alter table Client_Location add constraint FKps7o2okwp1dwwp2tks2buv11b foreign key (Client_id) references Client
Hibernate: alter table ClientAbonne add constraint FKtcak1b9ckqxpev1br51t5xpir foreign key (id) references Client
Hibernate: alter table ClientNonAbonne add constraint FK9v39oe4a8li8f95q5y5jmvee1 foreign key (id) references Client
Hibernate: alter table HistoriqueVType add constraint FKp75bc83wv7f3ibqo8ubtlxtpi foreign key (station_id) references Station
Hibernate: alter table Location add constraint FKrhspdo8jpn46tir75au23gh3d foreign key (locataire_id) references Client
Hibernate: alter table Location_Trajet add constraint FKtfufjttijflhbfw6e3o63g1yw foreign key (trajets_id) references Trajet
Hibernate: alter table Location_Trajet add constraint FKbol3bcrasqr64dx28m6m4w097 foreign key (Location_id) references Location
Hibernate: alter table Station_Bornette add constraint FKqejsd8345diwtx06qwmb9hm5f foreign key (bornettes_numero) references Bornette
Hibernate: alter table Station_Bornette add constraint FKi3bbypyol6esfwaih7rqggh0h foreign key (Station_id) references Station
Hibernate: alter table Station_HistoriqueVType add constraint FK6ktw470ncfynjxjts7w83pi2m foreign key (historiques_id) references HistoriqueVType
Hibernate: alter table Station_HistoriqueVType add constraint FKl91qwgua33y17tefeesd2gvie foreign key (Station_id) references Station
Hibernate: alter table Trajet add constraint FKxbmdbtnj9hr9u11gwolsub0w foreign key (location_id) references Location
Hibernate: alter table Trajet add constraint FKrkttw2833q9yj5g0hdgshsd5r foreign key (stationDebut_id) references Station
Hibernate: alter table Trajet add constraint FK8cy7a8f10qw3bkrgv25ymilc3 foreign key (stationFin_id) references Station
Hibernate: alter table Trajet add constraint FKcxad9wmuqlgxc3igk2bvyfila foreign key (velo_numero) references Velo
Hibernate: alter table Velo add constraint FKaukp4xw5ljdrhq3k42mapnstu foreign key (bornette_numero) references Bornette
Hibernate: alter table Velo_Location add constraint FK63sc6f13ta1wt5cwynmu6oetf foreign key (locations_id) references Location
Hibernate: alter table Velo_Location add constraint FK25ixbco2aotqiogr70swb4ibm foreign key (Velo_numero) references Velo
Hibernate: select max(numero) from Velo
Hibernate: insert into Velo (bornette_numero, etat, misEnService, modele, numero) values (?, ?, ?, ?, ?)
]]></system-out>
    <system-err><![CDATA[mars 22, 2022 11:28:41 AM org.hibernate.jpa.internal.util.LogHelper logPersistenceUnitInformation
INFO: HHH000204: Processing PersistenceUnitInfo [name: TEST]
mars 22, 2022 11:28:41 AM org.hibernate.engine.jdbc.connections.internal.DriverManagerConnectionProviderImpl configure
WARN: HHH10001002: Using Hibernate built-in connection pool (not for production use!)
mars 22, 2022 11:28:41 AM org.hibernate.engine.jdbc.connections.internal.DriverManagerConnectionProviderImpl buildCreator
INFO: HHH10001005: using driver [org.h2.Driver] at URL [jdbc:h2:mem:db1;DB_CLOSE_DELAY=-1;]
mars 22, 2022 11:28:41 AM org.hibernate.engine.jdbc.connections.internal.DriverManagerConnectionProviderImpl buildCreator
INFO: HHH10001001: Connection properties: {password=****, user=sa}
mars 22, 2022 11:28:41 AM org.hibernate.engine.jdbc.connections.internal.DriverManagerConnectionProviderImpl buildCreator
INFO: HHH10001003: Autocommit mode: false
mars 22, 2022 11:28:41 AM org.hibernate.engine.jdbc.connections.internal.DriverManagerConnectionProviderImpl$PooledConnections <init>
INFO: HHH000115: Hibernate connection pool size: 20 (min=1)
mars 22, 2022 11:28:41 AM org.hibernate.dialect.Dialect <init>
INFO: HHH000400: Using dialect: org.hibernate.dialect.H2Dialect
mars 22, 2022 11:28:41 AM org.hibernate.cfg.AnnotationBinder processJoinedDiscriminatorProperties
WARN: HHH000457: Joined inheritance hierarchy [model.Client] defined explicit @DiscriminatorColumn.  Legacy Hibernate behavior was to ignore the @DiscriminatorColumn.  However, as part of issue HHH-6911 we now apply the explicit @DiscriminatorColumn.  If you would prefer the legacy behavior, enable the `hibernate.discriminator.ignore_explicit_for_joined` setting (hibernate.discriminator.ignore_explicit_for_joined=true)
mars 22, 2022 11:28:41 AM org.hibernate.resource.transaction.backend.jdbc.internal.DdlTransactionIsolatorNonJtaImpl getIsolatedConnection
INFO: HHH10001501: Connection obtained from JdbcConnectionAccess [org.hibernate.engine.jdbc.env.internal.JdbcEnvironmentInitiator$ConnectionProviderJdbcConnectionAccess@1dd44289] for (non-JTA) DDL execution was not in auto-commit mode; the Connection 'local transaction' will be committed and the Connection will be set into auto-commit mode.
mars 22, 2022 11:28:41 AM org.hibernate.resource.transaction.backend.jdbc.internal.DdlTransactionIsolatorNonJtaImpl getIsolatedConnection
INFO: HHH10001501: Connection obtained from JdbcConnectionAccess [org.hibernate.engine.jdbc.env.internal.JdbcEnvironmentInitiator$ConnectionProviderJdbcConnectionAccess@6cc56b32] for (non-JTA) DDL execution was not in auto-commit mode; the Connection 'local transaction' will be committed and the Connection will be set into auto-commit mode.
mars 22, 2022 11:28:41 AM org.hibernate.engine.transaction.jta.platform.internal.JtaPlatformInitiator initiateService
INFO: HHH000490: Using JtaPlatform implementation: [org.hibernate.engine.transaction.jta.platform.internal.NoJtaPlatform]
mars 22, 2022 11:28:41 AM org.hibernate.hql.internal.ast.ErrorTracker reportError
ERROR:  Invalid path: 'v.numero'
mars 22, 2022 11:28:41 AM org.hibernate.hql.internal.ast.ErrorTracker reportError
ERROR:  Invalid path: 'v.numero'
 Invalid path: 'v.numero'
	at org.hibernate.hql.internal.ast.util.LiteralProcessor.lookupConstant(LiteralProcessor.java:111)
	at org.hibernate.hql.internal.ast.tree.DotNode.resolve(DotNode.java:219)
	at org.hibernate.hql.internal.ast.HqlSqlWalker.resolve(HqlSqlWalker.java:1055)
	at org.hibernate.hql.internal.antlr.HqlSqlBaseWalker.expr(HqlSqlBaseWalker.java:1308)
	at org.hibernate.hql.internal.antlr.HqlSqlBaseWalker.exprOrSubquery(HqlSqlBaseWalker.java:4778)
	at org.hibernate.hql.internal.antlr.HqlSqlBaseWalker.comparisonExpr(HqlSqlBaseWalker.java:4244)
	at org.hibernate.hql.internal.antlr.HqlSqlBaseWalker.logicalExpr(HqlSqlBaseWalker.java:2166)
	at org.hibernate.hql.internal.antlr.HqlSqlBaseWalker.whereClause(HqlSqlBaseWalker.java:832)
	at org.hibernate.hql.internal.antlr.HqlSqlBaseWalker.query(HqlSqlBaseWalker.java:626)
	at org.hibernate.hql.internal.antlr.HqlSqlBaseWalker.selectStatement(HqlSqlBaseWalker.java:330)
	at org.hibernate.hql.internal.antlr.HqlSqlBaseWalker.statement(HqlSqlBaseWalker.java:278)
	at org.hibernate.hql.internal.ast.QueryTranslatorImpl.analyze(QueryTranslatorImpl.java:276)
	at org.hibernate.hql.internal.ast.QueryTranslatorImpl.doCompile(QueryTranslatorImpl.java:192)
	at org.hibernate.hql.internal.ast.QueryTranslatorImpl.compile(QueryTranslatorImpl.java:144)
	at org.hibernate.engine.query.spi.HQLQueryPlan.<init>(HQLQueryPlan.java:113)
	at org.hibernate.engine.query.spi.HQLQueryPlan.<init>(HQLQueryPlan.java:73)
	at org.hibernate.engine.query.spi.QueryPlanCache.getHQLQueryPlan(QueryPlanCache.java:162)
	at org.hibernate.internal.AbstractSharedSessionContract.getQueryPlan(AbstractSharedSessionContract.java:636)
	at org.hibernate.internal.AbstractSharedSessionContract.createQuery(AbstractSharedSessionContract.java:748)
	at org.hibernate.internal.AbstractSharedSessionContract.createQuery(AbstractSharedSessionContract.java:848)
	at org.hibernate.internal.AbstractSessionImpl.createQuery(AbstractSessionImpl.java:23)
	at repository.impl.VeloRepositoryImpl.findById(VeloRepositoryImpl.java:51)
	at repository.impl.VeloRepositoryImpl.findById(VeloRepositoryImpl.java:17)
	at repository.VeloTest.saveVelo(VeloTest.java:42)
	at java.base/jdk.internal.reflect.NativeMethodAccessorImpl.invoke0(Native Method)
	at java.base/jdk.internal.reflect.NativeMethodAccessorImpl.invoke(NativeMethodAccessorImpl.java:62)
	at java.base/jdk.internal.reflect.DelegatingMethodAccessorImpl.invoke(DelegatingMethodAccessorImpl.java:43)
	at java.base/java.lang.reflect.Method.invoke(Method.java:566)
	at org.junit.platform.commons.util.ReflectionUtils.invokeMethod(ReflectionUtils.java:725)
	at org.junit.jupiter.engine.execution.MethodInvocation.proceed(MethodInvocation.java:60)
	at org.junit.jupiter.engine.execution.InvocationInterceptorChain$ValidatingInvocation.proceed(InvocationInterceptorChain.java:131)
	at org.junit.jupiter.engine.extension.TimeoutExtension.intercept(TimeoutExtension.java:149)
	at org.junit.jupiter.engine.extension.TimeoutExtension.interceptTestableMethod(TimeoutExtension.java:140)
	at org.junit.jupiter.engine.extension.TimeoutExtension.interceptTestMethod(TimeoutExtension.java:84)
	at org.junit.jupiter.engine.execution.ExecutableInvoker$ReflectiveInterceptorCall.lambda$ofVoidMethod$0(ExecutableInvoker.java:115)
	at org.junit.jupiter.engine.execution.ExecutableInvoker.lambda$invoke$0(ExecutableInvoker.java:105)
	at org.junit.jupiter.engine.execution.InvocationInterceptorChain$InterceptedInvocation.proceed(InvocationInterceptorChain.java:106)
	at org.junit.jupiter.engine.execution.InvocationInterceptorChain.proceed(InvocationInterceptorChain.java:64)
	at org.junit.jupiter.engine.execution.InvocationInterceptorChain.chainAndInvoke(InvocationInterceptorChain.java:45)
	at org.junit.jupiter.engine.execution.InvocationInterceptorChain.invoke(InvocationInterceptorChain.java:37)
	at org.junit.jupiter.engine.execution.ExecutableInvoker.invoke(ExecutableInvoker.java:104)
	at org.junit.jupiter.engine.execution.ExecutableInvoker.invoke(ExecutableInvoker.java:98)
	at org.junit.jupiter.engine.descriptor.TestMethodTestDescriptor.lambda$invokeTestMethod$7(TestMethodTestDescriptor.java:214)
	at org.junit.platform.engine.support.hierarchical.ThrowableCollector.execute(ThrowableCollector.java:73)
	at org.junit.jupiter.engine.descriptor.TestMethodTestDescriptor.invokeTestMethod(TestMethodTestDescriptor.java:210)
	at org.junit.jupiter.engine.descriptor.TestMethodTestDescriptor.execute(TestMethodTestDescriptor.java:135)
	at org.junit.jupiter.engine.descriptor.TestMethodTestDescriptor.execute(TestMethodTestDescriptor.java:66)
	at org.junit.platform.engine.support.hierarchical.NodeTestTask.lambda$executeRecursively$6(NodeTestTask.java:151)
	at org.junit.platform.engine.support.hierarchical.ThrowableCollector.execute(ThrowableCollector.java:73)
	at org.junit.platform.engine.support.hierarchical.NodeTestTask.lambda$executeRecursively$8(NodeTestTask.java:141)
	at org.junit.platform.engine.support.hierarchical.Node.around(Node.java:137)
	at org.junit.platform.engine.support.hierarchical.NodeTestTask.lambda$executeRecursively$9(NodeTestTask.java:139)
	at org.junit.platform.engine.support.hierarchical.ThrowableCollector.execute(ThrowableCollector.java:73)
	at org.junit.platform.engine.support.hierarchical.NodeTestTask.executeRecursively(NodeTestTask.java:138)
	at org.junit.platform.engine.support.hierarchical.NodeTestTask.execute(NodeTestTask.java:95)
	at java.base/java.util.ArrayList.forEach(ArrayList.java:1541)
	at org.junit.platform.engine.support.hierarchical.SameThreadHierarchicalTestExecutorService.invokeAll(SameThreadHierarchicalTestExecutorService.java:41)
	at org.junit.platform.engine.support.hierarchical.NodeTestTask.lambda$executeRecursively$6(NodeTestTask.java:155)
	at org.junit.platform.engine.support.hierarchical.ThrowableCollector.execute(ThrowableCollector.java:73)
	at org.junit.platform.engine.support.hierarchical.NodeTestTask.lambda$executeRecursively$8(NodeTestTask.java:141)
	at org.junit.platform.engine.support.hierarchical.Node.around(Node.java:137)
	at org.junit.platform.engine.support.hierarchical.NodeTestTask.lambda$executeRecursively$9(NodeTestTask.java:139)
	at org.junit.platform.engine.support.hierarchical.ThrowableCollector.execute(ThrowableCollector.java:73)
	at org.junit.platform.engine.support.hierarchical.NodeTestTask.executeRecursively(NodeTestTask.java:138)
	at org.junit.platform.engine.support.hierarchical.NodeTestTask.execute(NodeTestTask.java:95)
	at java.base/java.util.ArrayList.forEach(ArrayList.java:1541)
	at org.junit.platform.engine.support.hierarchical.SameThreadHierarchicalTestExecutorService.invokeAll(SameThreadHierarchicalTestExecutorService.java:41)
	at org.junit.platform.engine.support.hierarchical.NodeTestTask.lambda$executeRecursively$6(NodeTestTask.java:155)
	at org.junit.platform.engine.support.hierarchical.ThrowableCollector.execute(ThrowableCollector.java:73)
	at org.junit.platform.engine.support.hierarchical.NodeTestTask.lambda$executeRecursively$8(NodeTestTask.java:141)
	at org.junit.platform.engine.support.hierarchical.Node.around(Node.java:137)
	at org.junit.platform.engine.support.hierarchical.NodeTestTask.lambda$executeRecursively$9(NodeTestTask.java:139)
	at org.junit.platform.engine.support.hierarchical.ThrowableCollector.execute(ThrowableCollector.java:73)
	at org.junit.platform.engine.support.hierarchical.NodeTestTask.executeRecursively(NodeTestTask.java:138)
	at org.junit.platform.engine.support.hierarchical.NodeTestTask.execute(NodeTestTask.java:95)
	at org.junit.platform.engine.support.hierarchical.SameThreadHierarchicalTestExecutorService.submit(SameThreadHierarchicalTestExecutorService.java:35)
	at org.junit.platform.engine.support.hierarchical.HierarchicalTestExecutor.execute(HierarchicalTestExecutor.java:57)
	at org.junit.platform.engine.support.hierarchical.HierarchicalTestEngine.execute(HierarchicalTestEngine.java:54)
	at org.junit.platform.launcher.core.EngineExecutionOrchestrator.execute(EngineExecutionOrchestrator.java:107)
	at org.junit.platform.launcher.core.EngineExecutionOrchestrator.execute(EngineExecutionOrchestrator.java:88)
	at org.junit.platform.launcher.core.EngineExecutionOrchestrator.lambda$execute$0(EngineExecutionOrchestrator.java:54)
	at org.junit.platform.launcher.core.EngineExecutionOrchestrator.withInterceptedStreams(EngineExecutionOrchestrator.java:67)
	at org.junit.platform.launcher.core.EngineExecutionOrchestrator.execute(EngineExecutionOrchestrator.java:52)
	at org.junit.platform.launcher.core.DefaultLauncher.execute(DefaultLauncher.java:114)
	at org.junit.platform.launcher.core.DefaultLauncher.execute(DefaultLauncher.java:86)
	at org.junit.platform.launcher.core.DefaultLauncherSession$DelegatingLauncher.execute(DefaultLauncherSession.java:86)
	at org.junit.platform.launcher.core.SessionPerRequestLauncher.execute(SessionPerRequestLauncher.java:53)
	at org.apache.maven.surefire.junitplatform.JUnitPlatformProvider.execute(JUnitPlatformProvider.java:188)
	at org.apache.maven.surefire.junitplatform.JUnitPlatformProvider.invokeAllTests(JUnitPlatformProvider.java:154)
	at org.apache.maven.surefire.junitplatform.JUnitPlatformProvider.invoke(JUnitPlatformProvider.java:128)
	at org.apache.maven.surefire.booter.ForkedBooter.runSuitesInProcess(ForkedBooter.java:428)
	at org.apache.maven.surefire.booter.ForkedBooter.execute(ForkedBooter.java:162)
	at org.apache.maven.surefire.booter.ForkedBooter.run(ForkedBooter.java:562)
	at org.apache.maven.surefire.booter.ForkedBooter.main(ForkedBooter.java:548)

mars 22, 2022 11:28:41 AM org.hibernate.hql.internal.ast.ErrorTracker reportError
ERROR: <AST>:0:0: unexpected end of subtree
mars 22, 2022 11:28:41 AM org.hibernate.hql.internal.ast.ErrorTracker reportError
ERROR: <AST>:0:0: unexpected end of subtree
<AST>:0:0: unexpected end of subtree
	at org.hibernate.hql.internal.antlr.HqlSqlBaseWalker.exprOrSubquery(HqlSqlBaseWalker.java:4860)
	at org.hibernate.hql.internal.antlr.HqlSqlBaseWalker.comparisonExpr(HqlSqlBaseWalker.java:4247)
	at org.hibernate.hql.internal.antlr.HqlSqlBaseWalker.logicalExpr(HqlSqlBaseWalker.java:2166)
	at org.hibernate.hql.internal.antlr.HqlSqlBaseWalker.whereClause(HqlSqlBaseWalker.java:832)
	at org.hibernate.hql.internal.antlr.HqlSqlBaseWalker.query(HqlSqlBaseWalker.java:626)
	at org.hibernate.hql.internal.antlr.HqlSqlBaseWalker.selectStatement(HqlSqlBaseWalker.java:330)
	at org.hibernate.hql.internal.antlr.HqlSqlBaseWalker.statement(HqlSqlBaseWalker.java:278)
	at org.hibernate.hql.internal.ast.QueryTranslatorImpl.analyze(QueryTranslatorImpl.java:276)
	at org.hibernate.hql.internal.ast.QueryTranslatorImpl.doCompile(QueryTranslatorImpl.java:192)
	at org.hibernate.hql.internal.ast.QueryTranslatorImpl.compile(QueryTranslatorImpl.java:144)
	at org.hibernate.engine.query.spi.HQLQueryPlan.<init>(HQLQueryPlan.java:113)
	at org.hibernate.engine.query.spi.HQLQueryPlan.<init>(HQLQueryPlan.java:73)
	at org.hibernate.engine.query.spi.QueryPlanCache.getHQLQueryPlan(QueryPlanCache.java:162)
	at org.hibernate.internal.AbstractSharedSessionContract.getQueryPlan(AbstractSharedSessionContract.java:636)
	at org.hibernate.internal.AbstractSharedSessionContract.createQuery(AbstractSharedSessionContract.java:748)
	at org.hibernate.internal.AbstractSharedSessionContract.createQuery(AbstractSharedSessionContract.java:848)
	at org.hibernate.internal.AbstractSessionImpl.createQuery(AbstractSessionImpl.java:23)
	at repository.impl.VeloRepositoryImpl.findById(VeloRepositoryImpl.java:51)
	at repository.impl.VeloRepositoryImpl.findById(VeloRepositoryImpl.java:17)
	at repository.VeloTest.saveVelo(VeloTest.java:42)
	at java.base/jdk.internal.reflect.NativeMethodAccessorImpl.invoke0(Native Method)
	at java.base/jdk.internal.reflect.NativeMethodAccessorImpl.invoke(NativeMethodAccessorImpl.java:62)
	at java.base/jdk.internal.reflect.DelegatingMethodAccessorImpl.invoke(DelegatingMethodAccessorImpl.java:43)
	at java.base/java.lang.reflect.Method.invoke(Method.java:566)
	at org.junit.platform.commons.util.ReflectionUtils.invokeMethod(ReflectionUtils.java:725)
	at org.junit.jupiter.engine.execution.MethodInvocation.proceed(MethodInvocation.java:60)
	at org.junit.jupiter.engine.execution.InvocationInterceptorChain$ValidatingInvocation.proceed(InvocationInterceptorChain.java:131)
	at org.junit.jupiter.engine.extension.TimeoutExtension.intercept(TimeoutExtension.java:149)
	at org.junit.jupiter.engine.extension.TimeoutExtension.interceptTestableMethod(TimeoutExtension.java:140)
	at org.junit.jupiter.engine.extension.TimeoutExtension.interceptTestMethod(TimeoutExtension.java:84)
	at org.junit.jupiter.engine.execution.ExecutableInvoker$ReflectiveInterceptorCall.lambda$ofVoidMethod$0(ExecutableInvoker.java:115)
	at org.junit.jupiter.engine.execution.ExecutableInvoker.lambda$invoke$0(ExecutableInvoker.java:105)
	at org.junit.jupiter.engine.execution.InvocationInterceptorChain$InterceptedInvocation.proceed(InvocationInterceptorChain.java:106)
	at org.junit.jupiter.engine.execution.InvocationInterceptorChain.proceed(InvocationInterceptorChain.java:64)
	at org.junit.jupiter.engine.execution.InvocationInterceptorChain.chainAndInvoke(InvocationInterceptorChain.java:45)
	at org.junit.jupiter.engine.execution.InvocationInterceptorChain.invoke(InvocationInterceptorChain.java:37)
	at org.junit.jupiter.engine.execution.ExecutableInvoker.invoke(ExecutableInvoker.java:104)
	at org.junit.jupiter.engine.execution.ExecutableInvoker.invoke(ExecutableInvoker.java:98)
	at org.junit.jupiter.engine.descriptor.TestMethodTestDescriptor.lambda$invokeTestMethod$7(TestMethodTestDescriptor.java:214)
	at org.junit.platform.engine.support.hierarchical.ThrowableCollector.execute(ThrowableCollector.java:73)
	at org.junit.jupiter.engine.descriptor.TestMethodTestDescriptor.invokeTestMethod(TestMethodTestDescriptor.java:210)
	at org.junit.jupiter.engine.descriptor.TestMethodTestDescriptor.execute(TestMethodTestDescriptor.java:135)
	at org.junit.jupiter.engine.descriptor.TestMethodTestDescriptor.execute(TestMethodTestDescriptor.java:66)
	at org.junit.platform.engine.support.hierarchical.NodeTestTask.lambda$executeRecursively$6(NodeTestTask.java:151)
	at org.junit.platform.engine.support.hierarchical.ThrowableCollector.execute(ThrowableCollector.java:73)
	at org.junit.platform.engine.support.hierarchical.NodeTestTask.lambda$executeRecursively$8(NodeTestTask.java:141)
	at org.junit.platform.engine.support.hierarchical.Node.around(Node.java:137)
	at org.junit.platform.engine.support.hierarchical.NodeTestTask.lambda$executeRecursively$9(NodeTestTask.java:139)
	at org.junit.platform.engine.support.hierarchical.ThrowableCollector.execute(ThrowableCollector.java:73)
	at org.junit.platform.engine.support.hierarchical.NodeTestTask.executeRecursively(NodeTestTask.java:138)
	at org.junit.platform.engine.support.hierarchical.NodeTestTask.execute(NodeTestTask.java:95)
	at java.base/java.util.ArrayList.forEach(ArrayList.java:1541)
	at org.junit.platform.engine.support.hierarchical.SameThreadHierarchicalTestExecutorService.invokeAll(SameThreadHierarchicalTestExecutorService.java:41)
	at org.junit.platform.engine.support.hierarchical.NodeTestTask.lambda$executeRecursively$6(NodeTestTask.java:155)
	at org.junit.platform.engine.support.hierarchical.ThrowableCollector.execute(ThrowableCollector.java:73)
	at org.junit.platform.engine.support.hierarchical.NodeTestTask.lambda$executeRecursively$8(NodeTestTask.java:141)
	at org.junit.platform.engine.support.hierarchical.Node.around(Node.java:137)
	at org.junit.platform.engine.support.hierarchical.NodeTestTask.lambda$executeRecursively$9(NodeTestTask.java:139)
	at org.junit.platform.engine.support.hierarchical.ThrowableCollector.execute(ThrowableCollector.java:73)
	at org.junit.platform.engine.support.hierarchical.NodeTestTask.executeRecursively(NodeTestTask.java:138)
	at org.junit.platform.engine.support.hierarchical.NodeTestTask.execute(NodeTestTask.java:95)
	at java.base/java.util.ArrayList.forEach(ArrayList.java:1541)
	at org.junit.platform.engine.support.hierarchical.SameThreadHierarchicalTestExecutorService.invokeAll(SameThreadHierarchicalTestExecutorService.java:41)
	at org.junit.platform.engine.support.hierarchical.NodeTestTask.lambda$executeRecursively$6(NodeTestTask.java:155)
	at org.junit.platform.engine.support.hierarchical.ThrowableCollector.execute(ThrowableCollector.java:73)
	at org.junit.platform.engine.support.hierarchical.NodeTestTask.lambda$executeRecursively$8(NodeTestTask.java:141)
	at org.junit.platform.engine.support.hierarchical.Node.around(Node.java:137)
	at org.junit.platform.engine.support.hierarchical.NodeTestTask.lambda$executeRecursively$9(NodeTestTask.java:139)
	at org.junit.platform.engine.support.hierarchical.ThrowableCollector.execute(ThrowableCollector.java:73)
	at org.junit.platform.engine.support.hierarchical.NodeTestTask.executeRecursively(NodeTestTask.java:138)
	at org.junit.platform.engine.support.hierarchical.NodeTestTask.execute(NodeTestTask.java:95)
	at org.junit.platform.engine.support.hierarchical.SameThreadHierarchicalTestExecutorService.submit(SameThreadHierarchicalTestExecutorService.java:35)
	at org.junit.platform.engine.support.hierarchical.HierarchicalTestExecutor.execute(HierarchicalTestExecutor.java:57)
	at org.junit.platform.engine.support.hierarchical.HierarchicalTestEngine.execute(HierarchicalTestEngine.java:54)
	at org.junit.platform.launcher.core.EngineExecutionOrchestrator.execute(EngineExecutionOrchestrator.java:107)
	at org.junit.platform.launcher.core.EngineExecutionOrchestrator.execute(EngineExecutionOrchestrator.java:88)
	at org.junit.platform.launcher.core.EngineExecutionOrchestrator.lambda$execute$0(EngineExecutionOrchestrator.java:54)
	at org.junit.platform.launcher.core.EngineExecutionOrchestrator.withInterceptedStreams(EngineExecutionOrchestrator.java:67)
	at org.junit.platform.launcher.core.EngineExecutionOrchestrator.execute(EngineExecutionOrchestrator.java:52)
	at org.junit.platform.launcher.core.DefaultLauncher.execute(DefaultLauncher.java:114)
	at org.junit.platform.launcher.core.DefaultLauncher.execute(DefaultLauncher.java:86)
	at org.junit.platform.launcher.core.DefaultLauncherSession$DelegatingLauncher.execute(DefaultLauncherSession.java:86)
	at org.junit.platform.launcher.core.SessionPerRequestLauncher.execute(SessionPerRequestLauncher.java:53)
	at org.apache.maven.surefire.junitplatform.JUnitPlatformProvider.execute(JUnitPlatformProvider.java:188)
	at org.apache.maven.surefire.junitplatform.JUnitPlatformProvider.invokeAllTests(JUnitPlatformProvider.java:154)
	at org.apache.maven.surefire.junitplatform.JUnitPlatformProvider.invoke(JUnitPlatformProvider.java:128)
	at org.apache.maven.surefire.booter.ForkedBooter.runSuitesInProcess(ForkedBooter.java:428)
	at org.apache.maven.surefire.booter.ForkedBooter.execute(ForkedBooter.java:162)
	at org.apache.maven.surefire.booter.ForkedBooter.run(ForkedBooter.java:562)
	at org.apache.maven.surefire.booter.ForkedBooter.main(ForkedBooter.java:548)

mars 22, 2022 11:28:41 AM org.hibernate.hql.internal.ast.ErrorTracker reportError
ERROR:  left-hand operand of a binary operator was null
mars 22, 2022 11:28:41 AM org.hibernate.hql.internal.ast.ErrorTracker reportError
ERROR:  left-hand operand of a binary operator was null
 left-hand operand of a binary operator was null
	at org.hibernate.hql.internal.ast.tree.BinaryLogicOperatorNode.initialize(BinaryLogicOperatorNode.java:41)
	at org.hibernate.hql.internal.ast.HqlSqlWalker.prepareLogicOperator(HqlSqlWalker.java:1478)
	at org.hibernate.hql.internal.antlr.HqlSqlBaseWalker.comparisonExpr(HqlSqlBaseWalker.java:4719)
	at org.hibernate.hql.internal.antlr.HqlSqlBaseWalker.logicalExpr(HqlSqlBaseWalker.java:2166)
	at org.hibernate.hql.internal.antlr.HqlSqlBaseWalker.whereClause(HqlSqlBaseWalker.java:832)
	at org.hibernate.hql.internal.antlr.HqlSqlBaseWalker.query(HqlSqlBaseWalker.java:626)
	at org.hibernate.hql.internal.antlr.HqlSqlBaseWalker.selectStatement(HqlSqlBaseWalker.java:330)
	at org.hibernate.hql.internal.antlr.HqlSqlBaseWalker.statement(HqlSqlBaseWalker.java:278)
	at org.hibernate.hql.internal.ast.QueryTranslatorImpl.analyze(QueryTranslatorImpl.java:276)
	at org.hibernate.hql.internal.ast.QueryTranslatorImpl.doCompile(QueryTranslatorImpl.java:192)
	at org.hibernate.hql.internal.ast.QueryTranslatorImpl.compile(QueryTranslatorImpl.java:144)
	at org.hibernate.engine.query.spi.HQLQueryPlan.<init>(HQLQueryPlan.java:113)
	at org.hibernate.engine.query.spi.HQLQueryPlan.<init>(HQLQueryPlan.java:73)
	at org.hibernate.engine.query.spi.QueryPlanCache.getHQLQueryPlan(QueryPlanCache.java:162)
	at org.hibernate.internal.AbstractSharedSessionContract.getQueryPlan(AbstractSharedSessionContract.java:636)
	at org.hibernate.internal.AbstractSharedSessionContract.createQuery(AbstractSharedSessionContract.java:748)
	at org.hibernate.internal.AbstractSharedSessionContract.createQuery(AbstractSharedSessionContract.java:848)
	at org.hibernate.internal.AbstractSessionImpl.createQuery(AbstractSessionImpl.java:23)
	at repository.impl.VeloRepositoryImpl.findById(VeloRepositoryImpl.java:51)
	at repository.impl.VeloRepositoryImpl.findById(VeloRepositoryImpl.java:17)
	at repository.VeloTest.saveVelo(VeloTest.java:42)
	at java.base/jdk.internal.reflect.NativeMethodAccessorImpl.invoke0(Native Method)
	at java.base/jdk.internal.reflect.NativeMethodAccessorImpl.invoke(NativeMethodAccessorImpl.java:62)
	at java.base/jdk.internal.reflect.DelegatingMethodAccessorImpl.invoke(DelegatingMethodAccessorImpl.java:43)
	at java.base/java.lang.reflect.Method.invoke(Method.java:566)
	at org.junit.platform.commons.util.ReflectionUtils.invokeMethod(ReflectionUtils.java:725)
	at org.junit.jupiter.engine.execution.MethodInvocation.proceed(MethodInvocation.java:60)
	at org.junit.jupiter.engine.execution.InvocationInterceptorChain$ValidatingInvocation.proceed(InvocationInterceptorChain.java:131)
	at org.junit.jupiter.engine.extension.TimeoutExtension.intercept(TimeoutExtension.java:149)
	at org.junit.jupiter.engine.extension.TimeoutExtension.interceptTestableMethod(TimeoutExtension.java:140)
	at org.junit.jupiter.engine.extension.TimeoutExtension.interceptTestMethod(TimeoutExtension.java:84)
	at org.junit.jupiter.engine.execution.ExecutableInvoker$ReflectiveInterceptorCall.lambda$ofVoidMethod$0(ExecutableInvoker.java:115)
	at org.junit.jupiter.engine.execution.ExecutableInvoker.lambda$invoke$0(ExecutableInvoker.java:105)
	at org.junit.jupiter.engine.execution.InvocationInterceptorChain$InterceptedInvocation.proceed(InvocationInterceptorChain.java:106)
	at org.junit.jupiter.engine.execution.InvocationInterceptorChain.proceed(InvocationInterceptorChain.java:64)
	at org.junit.jupiter.engine.execution.InvocationInterceptorChain.chainAndInvoke(InvocationInterceptorChain.java:45)
	at org.junit.jupiter.engine.execution.InvocationInterceptorChain.invoke(InvocationInterceptorChain.java:37)
	at org.junit.jupiter.engine.execution.ExecutableInvoker.invoke(ExecutableInvoker.java:104)
	at org.junit.jupiter.engine.execution.ExecutableInvoker.invoke(ExecutableInvoker.java:98)
	at org.junit.jupiter.engine.descriptor.TestMethodTestDescriptor.lambda$invokeTestMethod$7(TestMethodTestDescriptor.java:214)
	at org.junit.platform.engine.support.hierarchical.ThrowableCollector.execute(ThrowableCollector.java:73)
	at org.junit.jupiter.engine.descriptor.TestMethodTestDescriptor.invokeTestMethod(TestMethodTestDescriptor.java:210)
	at org.junit.jupiter.engine.descriptor.TestMethodTestDescriptor.execute(TestMethodTestDescriptor.java:135)
	at org.junit.jupiter.engine.descriptor.TestMethodTestDescriptor.execute(TestMethodTestDescriptor.java:66)
	at org.junit.platform.engine.support.hierarchical.NodeTestTask.lambda$executeRecursively$6(NodeTestTask.java:151)
	at org.junit.platform.engine.support.hierarchical.ThrowableCollector.execute(ThrowableCollector.java:73)
	at org.junit.platform.engine.support.hierarchical.NodeTestTask.lambda$executeRecursively$8(NodeTestTask.java:141)
	at org.junit.platform.engine.support.hierarchical.Node.around(Node.java:137)
	at org.junit.platform.engine.support.hierarchical.NodeTestTask.lambda$executeRecursively$9(NodeTestTask.java:139)
	at org.junit.platform.engine.support.hierarchical.ThrowableCollector.execute(ThrowableCollector.java:73)
	at org.junit.platform.engine.support.hierarchical.NodeTestTask.executeRecursively(NodeTestTask.java:138)
	at org.junit.platform.engine.support.hierarchical.NodeTestTask.execute(NodeTestTask.java:95)
	at java.base/java.util.ArrayList.forEach(ArrayList.java:1541)
	at org.junit.platform.engine.support.hierarchical.SameThreadHierarchicalTestExecutorService.invokeAll(SameThreadHierarchicalTestExecutorService.java:41)
	at org.junit.platform.engine.support.hierarchical.NodeTestTask.lambda$executeRecursively$6(NodeTestTask.java:155)
	at org.junit.platform.engine.support.hierarchical.ThrowableCollector.execute(ThrowableCollector.java:73)
	at org.junit.platform.engine.support.hierarchical.NodeTestTask.lambda$executeRecursively$8(NodeTestTask.java:141)
	at org.junit.platform.engine.support.hierarchical.Node.around(Node.java:137)
	at org.junit.platform.engine.support.hierarchical.NodeTestTask.lambda$executeRecursively$9(NodeTestTask.java:139)
	at org.junit.platform.engine.support.hierarchical.ThrowableCollector.execute(ThrowableCollector.java:73)
	at org.junit.platform.engine.support.hierarchical.NodeTestTask.executeRecursively(NodeTestTask.java:138)
	at org.junit.platform.engine.support.hierarchical.NodeTestTask.execute(NodeTestTask.java:95)
	at java.base/java.util.ArrayList.forEach(ArrayList.java:1541)
	at org.junit.platform.engine.support.hierarchical.SameThreadHierarchicalTestExecutorService.invokeAll(SameThreadHierarchicalTestExecutorService.java:41)
	at org.junit.platform.engine.support.hierarchical.NodeTestTask.lambda$executeRecursively$6(NodeTestTask.java:155)
	at org.junit.platform.engine.support.hierarchical.ThrowableCollector.execute(ThrowableCollector.java:73)
	at org.junit.platform.engine.support.hierarchical.NodeTestTask.lambda$executeRecursively$8(NodeTestTask.java:141)
	at org.junit.platform.engine.support.hierarchical.Node.around(Node.java:137)
	at org.junit.platform.engine.support.hierarchical.NodeTestTask.lambda$executeRecursively$9(NodeTestTask.java:139)
	at org.junit.platform.engine.support.hierarchical.ThrowableCollector.execute(ThrowableCollector.java:73)
	at org.junit.platform.engine.support.hierarchical.NodeTestTask.executeRecursively(NodeTestTask.java:138)
	at org.junit.platform.engine.support.hierarchical.NodeTestTask.execute(NodeTestTask.java:95)
	at org.junit.platform.engine.support.hierarchical.SameThreadHierarchicalTestExecutorService.submit(SameThreadHierarchicalTestExecutorService.java:35)
	at org.junit.platform.engine.support.hierarchical.HierarchicalTestExecutor.execute(HierarchicalTestExecutor.java:57)
	at org.junit.platform.engine.support.hierarchical.HierarchicalTestEngine.execute(HierarchicalTestEngine.java:54)
	at org.junit.platform.launcher.core.EngineExecutionOrchestrator.execute(EngineExecutionOrchestrator.java:107)
	at org.junit.platform.launcher.core.EngineExecutionOrchestrator.execute(EngineExecutionOrchestrator.java:88)
	at org.junit.platform.launcher.core.EngineExecutionOrchestrator.lambda$execute$0(EngineExecutionOrchestrator.java:54)
	at org.junit.platform.launcher.core.EngineExecutionOrchestrator.withInterceptedStreams(EngineExecutionOrchestrator.java:67)
	at org.junit.platform.launcher.core.EngineExecutionOrchestrator.execute(EngineExecutionOrchestrator.java:52)
	at org.junit.platform.launcher.core.DefaultLauncher.execute(DefaultLauncher.java:114)
	at org.junit.platform.launcher.core.DefaultLauncher.execute(DefaultLauncher.java:86)
	at org.junit.platform.launcher.core.DefaultLauncherSession$DelegatingLauncher.execute(DefaultLauncherSession.java:86)
	at org.junit.platform.launcher.core.SessionPerRequestLauncher.execute(SessionPerRequestLauncher.java:53)
	at org.apache.maven.surefire.junitplatform.JUnitPlatformProvider.execute(JUnitPlatformProvider.java:188)
	at org.apache.maven.surefire.junitplatform.JUnitPlatformProvider.invokeAllTests(JUnitPlatformProvider.java:154)
	at org.apache.maven.surefire.junitplatform.JUnitPlatformProvider.invoke(JUnitPlatformProvider.java:128)
	at org.apache.maven.surefire.booter.ForkedBooter.runSuitesInProcess(ForkedBooter.java:428)
	at org.apache.maven.surefire.booter.ForkedBooter.execute(ForkedBooter.java:162)
	at org.apache.maven.surefire.booter.ForkedBooter.run(ForkedBooter.java:562)
	at org.apache.maven.surefire.booter.ForkedBooter.main(ForkedBooter.java:548)

]]></system-err>
  </testcase>
  <testcase name="velosAtStation" classname="repository.VeloTest" time="0.304">
    <error type="javax.persistence.NoResultException"><![CDATA[javax.persistence.NoResultException: No entity found for query
	at repository.VeloTest.velosAtStation(VeloTest.java:98)
]]></error>
    <system-out><![CDATA[Hibernate: drop table if exists Bornette CASCADE 
Hibernate: drop table if exists Client CASCADE 
Hibernate: drop table if exists Client_Location CASCADE 
Hibernate: drop table if exists ClientAbonne CASCADE 
Hibernate: drop table if exists ClientNonAbonne CASCADE 
Hibernate: drop table if exists HistoriqueVType CASCADE 
Hibernate: drop table if exists Location CASCADE 
Hibernate: drop table if exists Location_Trajet CASCADE 
Hibernate: drop table if exists Station CASCADE 
Hibernate: drop table if exists Station_Bornette CASCADE 
Hibernate: drop table if exists Station_HistoriqueVType CASCADE 
Hibernate: drop table if exists Trajet CASCADE 
Hibernate: drop table if exists Velo CASCADE 
Hibernate: drop table if exists Velo_Location CASCADE 
Hibernate: create table Bornette (numero bigint not null, etat varchar(255), station_id bigint, veloAccroche_numero bigint, primary key (numero))
Hibernate: create table Client (type varchar(31) not null, id bigint not null, codeSecret varchar(255), numeroCB varchar(255), primary key (id))
Hibernate: create table Client_Location (Client_id bigint not null, locations_id integer not null)
Hibernate: create table ClientAbonne (adresse varchar(255), dateNaissance varchar(255), dateSouscription varchar(255), nom varchar(255), prenom varchar(255), sexe integer, id bigint not null, primary key (id))
Hibernate: create table ClientNonAbonne (id bigint not null, primary key (id))
Hibernate: create table HistoriqueVType (id integer not null, dateHeureDebut timestamp, dateHeureFin timestamp, vType varchar(255), station_id bigint, primary key (id))
Hibernate: create table Location (id integer not null, montant float, locataire_id bigint, primary key (id))
Hibernate: create table Location_Trajet (Location_id integer not null, trajets_id integer not null)
Hibernate: create table Station (id bigint not null, adresse varchar(255), primary key (id))
Hibernate: create table Station_Bornette (Station_id bigint not null, bornettes_numero bigint not null)
Hibernate: create table Station_HistoriqueVType (Station_id bigint not null, historiques_id integer not null)
Hibernate: create table Trajet (id integer not null, dateheureDebut timestamp, duree integer not null, prime boolean, location_id integer, stationDebut_id bigint, stationFin_id bigint, velo_numero bigint, primary key (id))
Hibernate: create table Velo (numero bigint not null, etat varchar(255), misEnService timestamp, modele varchar(255), bornette_numero bigint, primary key (numero))
Hibernate: create table Velo_Location (Velo_numero bigint not null, locations_id integer not null)
Hibernate: alter table Client_Location add constraint UK_4jiuf949hhra55x7up9gwbfsc unique (locations_id)
Hibernate: alter table Location_Trajet add constraint UK_2qfxg5ysusq9eeexb2xlfuk8w unique (trajets_id)
Hibernate: alter table Station_Bornette add constraint UK_1kw97k75qkpnimlgn5f9cq24m unique (bornettes_numero)
Hibernate: alter table Station_HistoriqueVType add constraint UK_gnki6plm67xebfdbvxxvhyfst unique (historiques_id)
Hibernate: alter table Bornette add constraint FKaarjkb6vauam3pv9l9lec12ra foreign key (station_id) references Station
Hibernate: alter table Bornette add constraint FKnvggs4fmg75dg94st1v8afafj foreign key (veloAccroche_numero) references Velo
Hibernate: alter table Client_Location add constraint FK1v7vx60g3hnud206wjb237vkh foreign key (locations_id) references Location
Hibernate: alter table Client_Location add constraint FKps7o2okwp1dwwp2tks2buv11b foreign key (Client_id) references Client
Hibernate: alter table ClientAbonne add constraint FKtcak1b9ckqxpev1br51t5xpir foreign key (id) references Client
Hibernate: alter table ClientNonAbonne add constraint FK9v39oe4a8li8f95q5y5jmvee1 foreign key (id) references Client
Hibernate: alter table HistoriqueVType add constraint FKp75bc83wv7f3ibqo8ubtlxtpi foreign key (station_id) references Station
Hibernate: alter table Location add constraint FKrhspdo8jpn46tir75au23gh3d foreign key (locataire_id) references Client
Hibernate: alter table Location_Trajet add constraint FKtfufjttijflhbfw6e3o63g1yw foreign key (trajets_id) references Trajet
Hibernate: alter table Location_Trajet add constraint FKbol3bcrasqr64dx28m6m4w097 foreign key (Location_id) references Location
Hibernate: alter table Station_Bornette add constraint FKqejsd8345diwtx06qwmb9hm5f foreign key (bornettes_numero) references Bornette
Hibernate: alter table Station_Bornette add constraint FKi3bbypyol6esfwaih7rqggh0h foreign key (Station_id) references Station
Hibernate: alter table Station_HistoriqueVType add constraint FK6ktw470ncfynjxjts7w83pi2m foreign key (historiques_id) references HistoriqueVType
Hibernate: alter table Station_HistoriqueVType add constraint FKl91qwgua33y17tefeesd2gvie foreign key (Station_id) references Station
Hibernate: alter table Trajet add constraint FKxbmdbtnj9hr9u11gwolsub0w foreign key (location_id) references Location
Hibernate: alter table Trajet add constraint FKrkttw2833q9yj5g0hdgshsd5r foreign key (stationDebut_id) references Station
Hibernate: alter table Trajet add constraint FK8cy7a8f10qw3bkrgv25ymilc3 foreign key (stationFin_id) references Station
Hibernate: alter table Trajet add constraint FKcxad9wmuqlgxc3igk2bvyfila foreign key (velo_numero) references Velo
Hibernate: alter table Velo add constraint FKaukp4xw5ljdrhq3k42mapnstu foreign key (bornette_numero) references Bornette
Hibernate: alter table Velo_Location add constraint FK63sc6f13ta1wt5cwynmu6oetf foreign key (locations_id) references Location
Hibernate: alter table Velo_Location add constraint FK25ixbco2aotqiogr70swb4ibm foreign key (Velo_numero) references Velo
Hibernate: select max(numero) from Velo
Hibernate: select max(id) from Station
Hibernate: select max(numero) from Bornette
Hibernate: select station0_.id as id1_8_, station0_.adresse as adresse2_8_ from Station station0_ where station0_.id=?
]]></system-out>
    <system-err><![CDATA[mars 22, 2022 11:28:41 AM org.hibernate.jpa.internal.util.LogHelper logPersistenceUnitInformation
INFO: HHH000204: Processing PersistenceUnitInfo [name: TEST]
mars 22, 2022 11:28:41 AM org.hibernate.engine.jdbc.connections.internal.DriverManagerConnectionProviderImpl configure
WARN: HHH10001002: Using Hibernate built-in connection pool (not for production use!)
mars 22, 2022 11:28:41 AM org.hibernate.engine.jdbc.connections.internal.DriverManagerConnectionProviderImpl buildCreator
INFO: HHH10001005: using driver [org.h2.Driver] at URL [jdbc:h2:mem:db1;DB_CLOSE_DELAY=-1;]
mars 22, 2022 11:28:41 AM org.hibernate.engine.jdbc.connections.internal.DriverManagerConnectionProviderImpl buildCreator
INFO: HHH10001001: Connection properties: {password=****, user=sa}
mars 22, 2022 11:28:41 AM org.hibernate.engine.jdbc.connections.internal.DriverManagerConnectionProviderImpl buildCreator
INFO: HHH10001003: Autocommit mode: false
mars 22, 2022 11:28:41 AM org.hibernate.engine.jdbc.connections.internal.DriverManagerConnectionProviderImpl$PooledConnections <init>
INFO: HHH000115: Hibernate connection pool size: 20 (min=1)
mars 22, 2022 11:28:41 AM org.hibernate.dialect.Dialect <init>
INFO: HHH000400: Using dialect: org.hibernate.dialect.H2Dialect
mars 22, 2022 11:28:41 AM org.hibernate.cfg.AnnotationBinder processJoinedDiscriminatorProperties
WARN: HHH000457: Joined inheritance hierarchy [model.Client] defined explicit @DiscriminatorColumn.  Legacy Hibernate behavior was to ignore the @DiscriminatorColumn.  However, as part of issue HHH-6911 we now apply the explicit @DiscriminatorColumn.  If you would prefer the legacy behavior, enable the `hibernate.discriminator.ignore_explicit_for_joined` setting (hibernate.discriminator.ignore_explicit_for_joined=true)
mars 22, 2022 11:28:41 AM org.hibernate.resource.transaction.backend.jdbc.internal.DdlTransactionIsolatorNonJtaImpl getIsolatedConnection
INFO: HHH10001501: Connection obtained from JdbcConnectionAccess [org.hibernate.engine.jdbc.env.internal.JdbcEnvironmentInitiator$ConnectionProviderJdbcConnectionAccess@6487f7f8] for (non-JTA) DDL execution was not in auto-commit mode; the Connection 'local transaction' will be committed and the Connection will be set into auto-commit mode.
mars 22, 2022 11:28:41 AM org.hibernate.resource.transaction.backend.jdbc.internal.DdlTransactionIsolatorNonJtaImpl getIsolatedConnection
INFO: HHH10001501: Connection obtained from JdbcConnectionAccess [org.hibernate.engine.jdbc.env.internal.JdbcEnvironmentInitiator$ConnectionProviderJdbcConnectionAccess@2b62475a] for (non-JTA) DDL execution was not in auto-commit mode; the Connection 'local transaction' will be committed and the Connection will be set into auto-commit mode.
mars 22, 2022 11:28:41 AM org.hibernate.engine.transaction.jta.platform.internal.JtaPlatformInitiator initiateService
INFO: HHH000490: Using JtaPlatform implementation: [org.hibernate.engine.transaction.jta.platform.internal.NoJtaPlatform]
]]></system-err>
  </testcase>
</testsuite>