<?xml version="1.0" encoding="UTF-8"?>
<testsuite xmlns:xsi="http://www.w3.org/2001/XMLSchema-instance" xsi:noNamespaceSchemaLocation="https://maven.apache.org/surefire/maven-surefire-plugin/xsd/surefire-test-report-3.0.xsd" version="3.0" name="repository.ClientAbonneTest" time="2.95" tests="2" errors="0" skipped="0" failures="0">
  <properties>
[...]
</properties>
  <testcase name="saveClientAbonne" classname="repository.ClientAbonneTest" time="2.508">
    <system-out><![CDATA[Hibernate: drop table if exists Bornette CASCADE 
Hibernate: drop table if exists Client CASCADE 
Hibernate: drop table if exists Client_Location CASCADE 
Hibernate: drop table if exists ClientAbonne CASCADE 
Hibernate: drop table if exists ClientNonAbonne CASCADE 
Hibernate: drop table if exists HistoriqueVType CASCADE 
Hibernate: drop table if exists Location CASCADE 
Hibernate: drop table if exists Location_Trajet CASCADE 
Hibernate: drop table if exists Station CASCADE 
Hibernate: drop table if exists Station_Bornette CASCADE 
Hibernate: drop table if exists Station_HistoriqueVType CASCADE 
Hibernate: drop table if exists Trajet CASCADE 
Hibernate: drop table if exists Velo CASCADE 
Hibernate: drop table if exists Velo_Location CASCADE 
Hibernate: create table Bornette (numero bigint not null, etat varchar(255), station_id bigint, veloAccroche_numero bigint, primary key (numero))
Hibernate: create table Client (type varchar(31) not null, id bigint not null, codeSecret varchar(255), numeroCB varchar(255), primary key (id))
Hibernate: create table Client_Location (Client_id bigint not null, locations_id integer not null)
Hibernate: create table ClientAbonne (adresse varchar(255), dateNaissance varchar(255), dateSouscription varchar(255), nom varchar(255), prenom varchar(255), sexe integer, id bigint not null, primary key (id))
Hibernate: create table ClientNonAbonne (id bigint not null, primary key (id))
Hibernate: create table HistoriqueVType (id integer not null, dateHeureDebut timestamp, dateHeureFin timestamp, vType varchar(255), station_id bigint, primary key (id))
Hibernate: create table Location (id integer not null, montant float, locataire_id bigint, primary key (id))
Hibernate: create table Location_Trajet (Location_id integer not null, trajets_id integer not null)
Hibernate: create table Station (id bigint not null, adresse varchar(255), primary key (id))
Hibernate: create table Station_Bornette (Station_id bigint not null, bornettes_numero bigint not null)
Hibernate: create table Station_HistoriqueVType (Station_id bigint not null, historiques_id integer not null)
Hibernate: create table Trajet (id integer not null, dateheureDebut timestamp, duree integer not null, prime boolean, location_id integer, stationDebut_id bigint, stationFin_id bigint, velo_numero bigint, primary key (id))
Hibernate: create table Velo (numero bigint not null, etat varchar(255), misEnService timestamp, modele varchar(255), bornette_numero bigint, primary key (numero))
Hibernate: create table Velo_Location (Velo_numero bigint not null, locations_id integer not null)
Hibernate: alter table Client_Location add constraint UK_4jiuf949hhra55x7up9gwbfsc unique (locations_id)
Hibernate: alter table Location_Trajet add constraint UK_2qfxg5ysusq9eeexb2xlfuk8w unique (trajets_id)
Hibernate: alter table Station_Bornette add constraint UK_1kw97k75qkpnimlgn5f9cq24m unique (bornettes_numero)
Hibernate: alter table Station_HistoriqueVType add constraint UK_gnki6plm67xebfdbvxxvhyfst unique (historiques_id)
Hibernate: alter table Bornette add constraint FKaarjkb6vauam3pv9l9lec12ra foreign key (station_id) references Station
Hibernate: alter table Bornette add constraint FKnvggs4fmg75dg94st1v8afafj foreign key (veloAccroche_numero) references Velo
Hibernate: alter table Client_Location add constraint FK1v7vx60g3hnud206wjb237vkh foreign key (locations_id) references Location
Hibernate: alter table Client_Location add constraint FKps7o2okwp1dwwp2tks2buv11b foreign key (Client_id) references Client
Hibernate: alter table ClientAbonne add constraint FKtcak1b9ckqxpev1br51t5xpir foreign key (id) references Client
Hibernate: alter table ClientNonAbonne add constraint FK9v39oe4a8li8f95q5y5jmvee1 foreign key (id) references Client
Hibernate: alter table HistoriqueVType add constraint FKp75bc83wv7f3ibqo8ubtlxtpi foreign key (station_id) references Station
Hibernate: alter table Location add constraint FKrhspdo8jpn46tir75au23gh3d foreign key (locataire_id) references Client
Hibernate: alter table Location_Trajet add constraint FKtfufjttijflhbfw6e3o63g1yw foreign key (trajets_id) references Trajet
Hibernate: alter table Location_Trajet add constraint FKbol3bcrasqr64dx28m6m4w097 foreign key (Location_id) references Location
Hibernate: alter table Station_Bornette add constraint FKqejsd8345diwtx06qwmb9hm5f foreign key (bornettes_numero) references Bornette
Hibernate: alter table Station_Bornette add constraint FKi3bbypyol6esfwaih7rqggh0h foreign key (Station_id) references Station
Hibernate: alter table Station_HistoriqueVType add constraint FK6ktw470ncfynjxjts7w83pi2m foreign key (historiques_id) references HistoriqueVType
Hibernate: alter table Station_HistoriqueVType add constraint FKl91qwgua33y17tefeesd2gvie foreign key (Station_id) references Station
Hibernate: alter table Trajet add constraint FKxbmdbtnj9hr9u11gwolsub0w foreign key (location_id) references Location
Hibernate: alter table Trajet add constraint FKrkttw2833q9yj5g0hdgshsd5r foreign key (stationDebut_id) references Station
Hibernate: alter table Trajet add constraint FK8cy7a8f10qw3bkrgv25ymilc3 foreign key (stationFin_id) references Station
Hibernate: alter table Trajet add constraint FKcxad9wmuqlgxc3igk2bvyfila foreign key (velo_numero) references Velo
Hibernate: alter table Velo add constraint FKaukp4xw5ljdrhq3k42mapnstu foreign key (bornette_numero) references Bornette
Hibernate: alter table Velo_Location add constraint FK63sc6f13ta1wt5cwynmu6oetf foreign key (locations_id) references Location
Hibernate: alter table Velo_Location add constraint FK25ixbco2aotqiogr70swb4ibm foreign key (Velo_numero) references Velo
Hibernate: select max(id) from Client
Hibernate: insert into Client (codeSecret, numeroCB, type, id) values (?, ?, 'abonne', ?)
Hibernate: insert into ClientAbonne (adresse, dateNaissance, dateSouscription, nom, prenom, sexe, id) values (?, ?, ?, ?, ?, ?, ?)
Hibernate: select clientabon0_.id as id2_1_, clientabon0_1_.codeSecret as codesecr3_1_, clientabon0_1_.numeroCB as numerocb4_1_, clientabon0_.adresse as adresse1_3_, clientabon0_.dateNaissance as datenais2_3_, clientabon0_.dateSouscription as datesous3_3_, clientabon0_.nom as nom4_3_, clientabon0_.prenom as prenom5_3_, clientabon0_.sexe as sexe6_3_ from ClientAbonne clientabon0_ inner join Client clientabon0_1_ on clientabon0_.id=clientabon0_1_.id where clientabon0_.id=?
]]></system-out>
    <system-err><![CDATA[mars 22, 2022 11:40:02 AM org.hibernate.jpa.internal.util.LogHelper logPersistenceUnitInformation
INFO: HHH000204: Processing PersistenceUnitInfo [name: TEST]
mars 22, 2022 11:40:02 AM org.hibernate.Version logVersion
INFO: HHH000412: Hibernate ORM core version 5.6.3.Final
mars 22, 2022 11:40:02 AM org.hibernate.annotations.common.reflection.java.JavaReflectionManager <clinit>
INFO: HCANN000001: Hibernate Commons Annotations {5.1.2.Final}
mars 22, 2022 11:40:03 AM org.hibernate.engine.jdbc.connections.internal.DriverManagerConnectionProviderImpl configure
WARN: HHH10001002: Using Hibernate built-in connection pool (not for production use!)
mars 22, 2022 11:40:03 AM org.hibernate.engine.jdbc.connections.internal.DriverManagerConnectionProviderImpl buildCreator
INFO: HHH10001005: using driver [org.h2.Driver] at URL [jdbc:h2:mem:db1;DB_CLOSE_DELAY=-1;]
mars 22, 2022 11:40:03 AM org.hibernate.engine.jdbc.connections.internal.DriverManagerConnectionProviderImpl buildCreator
INFO: HHH10001001: Connection properties: {password=****, user=sa}
mars 22, 2022 11:40:03 AM org.hibernate.engine.jdbc.connections.internal.DriverManagerConnectionProviderImpl buildCreator
INFO: HHH10001003: Autocommit mode: false
mars 22, 2022 11:40:03 AM org.hibernate.engine.jdbc.connections.internal.DriverManagerConnectionProviderImpl$PooledConnections <init>
INFO: HHH000115: Hibernate connection pool size: 20 (min=1)
mars 22, 2022 11:40:03 AM org.hibernate.dialect.Dialect <init>
INFO: HHH000400: Using dialect: org.hibernate.dialect.H2Dialect
mars 22, 2022 11:40:03 AM org.hibernate.cfg.AnnotationBinder processJoinedDiscriminatorProperties
WARN: HHH000457: Joined inheritance hierarchy [model.Client] defined explicit @DiscriminatorColumn.  Legacy Hibernate behavior was to ignore the @DiscriminatorColumn.  However, as part of issue HHH-6911 we now apply the explicit @DiscriminatorColumn.  If you would prefer the legacy behavior, enable the `hibernate.discriminator.ignore_explicit_for_joined` setting (hibernate.discriminator.ignore_explicit_for_joined=true)
mars 22, 2022 11:40:04 AM org.hibernate.resource.transaction.backend.jdbc.internal.DdlTransactionIsolatorNonJtaImpl getIsolatedConnection
INFO: HHH10001501: Connection obtained from JdbcConnectionAccess [org.hibernate.engine.jdbc.env.internal.JdbcEnvironmentInitiator$ConnectionProviderJdbcConnectionAccess@40d52be7] for (non-JTA) DDL execution was not in auto-commit mode; the Connection 'local transaction' will be committed and the Connection will be set into auto-commit mode.
mars 22, 2022 11:40:04 AM org.hibernate.resource.transaction.backend.jdbc.internal.DdlTransactionIsolatorNonJtaImpl getIsolatedConnection
INFO: HHH10001501: Connection obtained from JdbcConnectionAccess [org.hibernate.engine.jdbc.env.internal.JdbcEnvironmentInitiator$ConnectionProviderJdbcConnectionAccess@72443081] for (non-JTA) DDL execution was not in auto-commit mode; the Connection 'local transaction' will be committed and the Connection will be set into auto-commit mode.
mars 22, 2022 11:40:04 AM org.hibernate.engine.transaction.jta.platform.internal.JtaPlatformInitiator initiateService
INFO: HHH000490: Using JtaPlatform implementation: [org.hibernate.engine.transaction.jta.platform.internal.NoJtaPlatform]
]]></system-err>
  </testcase>
  <testcase name="abonneFromCode" classname="repository.ClientAbonneTest" time="0.404">
    <system-out><![CDATA[Hibernate: drop table if exists Bornette CASCADE 
Hibernate: drop table if exists Client CASCADE 
Hibernate: drop table if exists Client_Location CASCADE 
Hibernate: drop table if exists ClientAbonne CASCADE 
Hibernate: drop table if exists ClientNonAbonne CASCADE 
Hibernate: drop table if exists HistoriqueVType CASCADE 
Hibernate: drop table if exists Location CASCADE 
Hibernate: drop table if exists Location_Trajet CASCADE 
Hibernate: drop table if exists Station CASCADE 
Hibernate: drop table if exists Station_Bornette CASCADE 
Hibernate: drop table if exists Station_HistoriqueVType CASCADE 
Hibernate: drop table if exists Trajet CASCADE 
Hibernate: drop table if exists Velo CASCADE 
Hibernate: drop table if exists Velo_Location CASCADE 
Hibernate: create table Bornette (numero bigint not null, etat varchar(255), station_id bigint, veloAccroche_numero bigint, primary key (numero))
Hibernate: create table Client (type varchar(31) not null, id bigint not null, codeSecret varchar(255), numeroCB varchar(255), primary key (id))
Hibernate: create table Client_Location (Client_id bigint not null, locations_id integer not null)
Hibernate: create table ClientAbonne (adresse varchar(255), dateNaissance varchar(255), dateSouscription varchar(255), nom varchar(255), prenom varchar(255), sexe integer, id bigint not null, primary key (id))
Hibernate: create table ClientNonAbonne (id bigint not null, primary key (id))
Hibernate: create table HistoriqueVType (id integer not null, dateHeureDebut timestamp, dateHeureFin timestamp, vType varchar(255), station_id bigint, primary key (id))
Hibernate: create table Location (id integer not null, montant float, locataire_id bigint, primary key (id))
Hibernate: create table Location_Trajet (Location_id integer not null, trajets_id integer not null)
Hibernate: create table Station (id bigint not null, adresse varchar(255), primary key (id))
Hibernate: create table Station_Bornette (Station_id bigint not null, bornettes_numero bigint not null)
Hibernate: create table Station_HistoriqueVType (Station_id bigint not null, historiques_id integer not null)
Hibernate: create table Trajet (id integer not null, dateheureDebut timestamp, duree integer not null, prime boolean, location_id integer, stationDebut_id bigint, stationFin_id bigint, velo_numero bigint, primary key (id))
Hibernate: create table Velo (numero bigint not null, etat varchar(255), misEnService timestamp, modele varchar(255), bornette_numero bigint, primary key (numero))
Hibernate: create table Velo_Location (Velo_numero bigint not null, locations_id integer not null)
Hibernate: alter table Client_Location add constraint UK_4jiuf949hhra55x7up9gwbfsc unique (locations_id)
Hibernate: alter table Location_Trajet add constraint UK_2qfxg5ysusq9eeexb2xlfuk8w unique (trajets_id)
Hibernate: alter table Station_Bornette add constraint UK_1kw97k75qkpnimlgn5f9cq24m unique (bornettes_numero)
Hibernate: alter table Station_HistoriqueVType add constraint UK_gnki6plm67xebfdbvxxvhyfst unique (historiques_id)
Hibernate: alter table Bornette add constraint FKaarjkb6vauam3pv9l9lec12ra foreign key (station_id) references Station
Hibernate: alter table Bornette add constraint FKnvggs4fmg75dg94st1v8afafj foreign key (veloAccroche_numero) references Velo
Hibernate: alter table Client_Location add constraint FK1v7vx60g3hnud206wjb237vkh foreign key (locations_id) references Location
Hibernate: alter table Client_Location add constraint FKps7o2okwp1dwwp2tks2buv11b foreign key (Client_id) references Client
Hibernate: alter table ClientAbonne add constraint FKtcak1b9ckqxpev1br51t5xpir foreign key (id) references Client
Hibernate: alter table ClientNonAbonne add constraint FK9v39oe4a8li8f95q5y5jmvee1 foreign key (id) references Client
Hibernate: alter table HistoriqueVType add constraint FKp75bc83wv7f3ibqo8ubtlxtpi foreign key (station_id) references Station
Hibernate: alter table Location add constraint FKrhspdo8jpn46tir75au23gh3d foreign key (locataire_id) references Client
Hibernate: alter table Location_Trajet add constraint FKtfufjttijflhbfw6e3o63g1yw foreign key (trajets_id) references Trajet
Hibernate: alter table Location_Trajet add constraint FKbol3bcrasqr64dx28m6m4w097 foreign key (Location_id) references Location
Hibernate: alter table Station_Bornette add constraint FKqejsd8345diwtx06qwmb9hm5f foreign key (bornettes_numero) references Bornette
Hibernate: alter table Station_Bornette add constraint FKi3bbypyol6esfwaih7rqggh0h foreign key (Station_id) references Station
Hibernate: alter table Station_HistoriqueVType add constraint FK6ktw470ncfynjxjts7w83pi2m foreign key (historiques_id) references HistoriqueVType
Hibernate: alter table Station_HistoriqueVType add constraint FKl91qwgua33y17tefeesd2gvie foreign key (Station_id) references Station
Hibernate: alter table Trajet add constraint FKxbmdbtnj9hr9u11gwolsub0w foreign key (location_id) references Location
Hibernate: alter table Trajet add constraint FKrkttw2833q9yj5g0hdgshsd5r foreign key (stationDebut_id) references Station
Hibernate: alter table Trajet add constraint FK8cy7a8f10qw3bkrgv25ymilc3 foreign key (stationFin_id) references Station
Hibernate: alter table Trajet add constraint FKcxad9wmuqlgxc3igk2bvyfila foreign key (velo_numero) references Velo
Hibernate: alter table Velo add constraint FKaukp4xw5ljdrhq3k42mapnstu foreign key (bornette_numero) references Bornette
Hibernate: alter table Velo_Location add constraint FK63sc6f13ta1wt5cwynmu6oetf foreign key (locations_id) references Location
Hibernate: alter table Velo_Location add constraint FK25ixbco2aotqiogr70swb4ibm foreign key (Velo_numero) references Velo
Hibernate: select max(id) from Client
Hibernate: insert into Client (codeSecret, numeroCB, type, id) values (?, ?, 'abonne', ?)
Hibernate: insert into ClientAbonne (adresse, dateNaissance, dateSouscription, nom, prenom, sexe, id) values (?, ?, ?, ?, ?, ?, ?)
Hibernate: select clientabon0_.id as id2_1_, clientabon0_1_.codeSecret as codesecr3_1_, clientabon0_1_.numeroCB as numerocb4_1_, clientabon0_.adresse as adresse1_3_, clientabon0_.dateNaissance as datenais2_3_, clientabon0_.dateSouscription as datesous3_3_, clientabon0_.nom as nom4_3_, clientabon0_.prenom as prenom5_3_, clientabon0_.sexe as sexe6_3_ from ClientAbonne clientabon0_ inner join Client clientabon0_1_ on clientabon0_.id=clientabon0_1_.id where clientabon0_.id=?
Hibernate: select clientabon0_.id as id2_1_, clientabon0_1_.codeSecret as codesecr3_1_, clientabon0_1_.numeroCB as numerocb4_1_, clientabon0_.adresse as adresse1_3_, clientabon0_.dateNaissance as datenais2_3_, clientabon0_.dateSouscription as datesous3_3_, clientabon0_.nom as nom4_3_, clientabon0_.prenom as prenom5_3_, clientabon0_.sexe as sexe6_3_ from ClientAbonne clientabon0_ inner join Client clientabon0_1_ on clientabon0_.id=clientabon0_1_.id where clientabon0_1_.codeSecret=?
]]></system-out>
    <system-err><![CDATA[mars 22, 2022 11:40:04 AM org.hibernate.jpa.internal.util.LogHelper logPersistenceUnitInformation
INFO: HHH000204: Processing PersistenceUnitInfo [name: TEST]
mars 22, 2022 11:40:04 AM org.hibernate.engine.jdbc.connections.internal.DriverManagerConnectionProviderImpl configure
WARN: HHH10001002: Using Hibernate built-in connection pool (not for production use!)
mars 22, 2022 11:40:04 AM org.hibernate.engine.jdbc.connections.internal.DriverManagerConnectionProviderImpl buildCreator
INFO: HHH10001005: using driver [org.h2.Driver] at URL [jdbc:h2:mem:db1;DB_CLOSE_DELAY=-1;]
mars 22, 2022 11:40:04 AM org.hibernate.engine.jdbc.connections.internal.DriverManagerConnectionProviderImpl buildCreator
INFO: HHH10001001: Connection properties: {password=****, user=sa}
mars 22, 2022 11:40:04 AM org.hibernate.engine.jdbc.connections.internal.DriverManagerConnectionProviderImpl buildCreator
INFO: HHH10001003: Autocommit mode: false
mars 22, 2022 11:40:04 AM org.hibernate.engine.jdbc.connections.internal.DriverManagerConnectionProviderImpl$PooledConnections <init>
INFO: HHH000115: Hibernate connection pool size: 20 (min=1)
mars 22, 2022 11:40:04 AM org.hibernate.dialect.Dialect <init>
INFO: HHH000400: Using dialect: org.hibernate.dialect.H2Dialect
mars 22, 2022 11:40:04 AM org.hibernate.cfg.AnnotationBinder processJoinedDiscriminatorProperties
WARN: HHH000457: Joined inheritance hierarchy [model.Client] defined explicit @DiscriminatorColumn.  Legacy Hibernate behavior was to ignore the @DiscriminatorColumn.  However, as part of issue HHH-6911 we now apply the explicit @DiscriminatorColumn.  If you would prefer the legacy behavior, enable the `hibernate.discriminator.ignore_explicit_for_joined` setting (hibernate.discriminator.ignore_explicit_for_joined=true)
mars 22, 2022 11:40:05 AM org.hibernate.resource.transaction.backend.jdbc.internal.DdlTransactionIsolatorNonJtaImpl getIsolatedConnection
INFO: HHH10001501: Connection obtained from JdbcConnectionAccess [org.hibernate.engine.jdbc.env.internal.JdbcEnvironmentInitiator$ConnectionProviderJdbcConnectionAccess@3a2546d6] for (non-JTA) DDL execution was not in auto-commit mode; the Connection 'local transaction' will be committed and the Connection will be set into auto-commit mode.
mars 22, 2022 11:40:05 AM org.hibernate.resource.transaction.backend.jdbc.internal.DdlTransactionIsolatorNonJtaImpl getIsolatedConnection
INFO: HHH10001501: Connection obtained from JdbcConnectionAccess [org.hibernate.engine.jdbc.env.internal.JdbcEnvironmentInitiator$ConnectionProviderJdbcConnectionAccess@57e03347] for (non-JTA) DDL execution was not in auto-commit mode; the Connection 'local transaction' will be committed and the Connection will be set into auto-commit mode.
mars 22, 2022 11:40:05 AM org.hibernate.engine.transaction.jta.platform.internal.JtaPlatformInitiator initiateService
INFO: HHH000490: Using JtaPlatform implementation: [org.hibernate.engine.transaction.jta.platform.internal.NoJtaPlatform]
]]></system-err>
  </testcase>
</testsuite>